Arguments: 
  C:\Program Files\nodejs\node.exe C:\Users\Masur\AppData\Roaming\npm\node_modules\yarn\bin\yarn.js install

PATH: 
  C:\ProgramData\Oracle\Java\javapath;C:\app\client\Masur\product\12.1.0\client_1;C:\app\client\Masur\product\12.1.0\client_1\bin;C:\Program Files (x86)\PHP\v7.0;C:\Program Files (x86)\Intel\iCLS Client\;C:\Program Files\Intel\iCLS Client\;C:\WINDOWS\system32;C:\WINDOWS;C:\WINDOWS\System32\Wbem;C:\WINDOWS\System32\WindowsPowerShell\v1.0\;C:\Program Files\Lenovo\Fingerprint Manager Pro\;C:\Program Files (x86)\oracleclient;C:\Program Files (x86)\Intel\Intel(R) Management Engine Components\DAL;C:\Program Files\Intel\Intel(R) Management Engine Components\DAL;C:\Program Files (x86)\Intel\Intel(R) Management Engine Components\IPT;C:\Program Files\Intel\Intel(R) Management Engine Components\IPT;C:\Program Files\Microsoft SQL Server\120\Tools\Binn\;C:\Program Files\Microsoft SQL Server\130\Tools\Binn\;C:\Program Files (x86)\Microsoft SQL Server\110\DTS\Binn\;C:\Program Files (x86)\Microsoft SQL Server\120\DTS\Binn\;C:\Program Files (x86)\Microsoft SQL Server\130\DTS\Binn\;C:\Program Files\Microsoft\Web Platform Installer\;C:\Program Files (x86)\PuTTY\;C:\ProgramData\chocolatey\bin;C:\ProgramData\chocolatey\lib\Elixir/bin;C:\Program Files\nodejs\;C:\Program Files (x86)\Yarn\bin;C:\Program Files (x86)\Windows Kits\10\Windows Performance Toolkit\;C:\Program Files\dotnet\;C:\Program Files (x86)\Skype\Phone\;C:\Program Files\Git\cmd;C:\Program Files (x86)\Microsoft SQL Server\Client SDK\ODBC\130\Tools\Binn\;C:\Program Files (x86)\Microsoft SQL Server\140\Tools\Binn\;C:\Program Files (x86)\Microsoft SQL Server\140\DTS\Binn\;C:\Program Files (x86)\Microsoft SQL Server\140\Tools\Binn\ManagementStudio\;C:\Users\Masur\.babun;C:\Program Files\Docker Toolbox;C:\tools\mysql\current\bin;C:\Users\Masur\AppData\Local\.meteor\;C:\Users\Masur\AppData\Roaming\npm;C:\Users\Masur\AppData\Local\Yarn\.bin;C:\Users\Masur\AppData\Local\Programs\Fiddler;C:\Program Files\Microsoft VS Code\bin;%DASHLANE_DLL_DIR%;C:\Users\Masur\AppData\Local\Yarn\.bin

Yarn version: 
  1.3.2

Node version: 
  7.6.0

Platform: 
  win32 x64

npm manifest: 
  {
    "name": "kitchen-board",
    "version": "0.0.0",
    "license": "MIT",
    "scripts": {
      "ng": "ng",
      "start": "ng serve",
      "build": "ng build",
      "test": "ng test",
      "lint": "ng lint",
      "e2e": "ng e2e"
    },
    "private": true,
    "dependencies": {
      "@angular/common": "^4.0.0",
      "@angular/compiler": "4.0.0",
      "@angular/core": "^4.0.0",
      "@angular/forms": "4.0.0",
      "@angular/http": "4.0.0",
      "@angular/platform-browser": "4.0.0",
      "@angular/platform-browser-dynamic": "4.0.0",
      "@angular/router": "4.0.0",
      "core-js": "^2.4.1",
      "rxjs": "^5.1.0",
      "zone.js": "^0.8.4",
      "angular2-moment": "^1.3.3",
      "angular2-cookie": "^1.2.1",
      "bootstrap": "^3.3.6",
      "reflect-metadata": "^0.1.3"
    },
    "devDependencies": {
      "@angular/cli": "1.0.0",
      "@angular/compiler-cli": ">=4.0.0",
      "@types/gapi": "0.0.31",
      "@types/gapi.calendar": "^3.0.0",
      "@types/gapi.plus": "^1.0.0",
      "@types/jasmine": "2.5.38",
      "@types/node": "~6.0.60",
      "codelyzer": "~2.0.0",
      "jasmine-core": "~2.5.2",
      "jasmine-spec-reporter": "~3.2.0",
      "karma": "~1.4.1",
      "karma-chrome-launcher": "~2.0.0",
      "karma-cli": "~1.0.1",
      "karma-coverage-istanbul-reporter": "^0.2.0",
      "karma-jasmine": "~1.1.0",
      "karma-jasmine-html-reporter": "^0.2.2",
      "protractor": "~5.1.0",
      "ts-node": "~2.0.0",
      "tslint": "~4.5.0",
      "typescript": "~2.1.0"
    }
  }

yarn manifest: 
  No manifest

Lockfile: 
  No lockfile

Trace: 
  Error: https://registry.yarnpkg.com/@angular%2fcommon: tunneling socket could not be established, cause=connect ECONNREFUSED 172.16.10.4:8082
      at ClientRequest.onError (C:\Users\Masur\AppData\Roaming\npm\node_modules\yarn\lib\cli.js:137335:17)
      at Object.onceWrapper (events.js:291:19)
      at emitOne (events.js:96:13)
      at ClientRequest.emit (events.js:189:7)
      at Socket.socketErrorListener (_http_client.js:358:9)
      at emitOne (events.js:96:13)
      at Socket.emit (events.js:189:7)
      at emitErrorNT (net.js:1280:8)
      at _combinedTickCallback (internal/process/next_tick.js:74:11)
      at process._tickCallback (internal/process/next_tick.js:98:9)
